2021-03-05 14:35:57,119 DEBUG    root            Loaded Command Group: ['gcloud', 'components']
2021-03-05 14:35:57,122 DEBUG    root            Loaded Command Group: ['gcloud', 'components', 'update']
2021-03-05 14:35:57,125 DEBUG    root            Running [gcloud.components.update] with arguments: [--allow-no-backup: "True", --quiet: "True", COMPONENT-IDS:7: "['core', 'gcloud-deps', 'bq', 'gcloud', 'gsutil', 'anthoscli', 'kuberun']"]
2021-03-05 14:35:57,131 INFO     ___FILE_ONLY___ Beginning update. This process may take several minutes.

2021-03-05 14:36:09,261 INFO     ___FILE_ONLY___ 

2021-03-05 14:36:09,261 INFO     ___FILE_ONLY___ 
Your current Cloud SDK version is: 330.0.0

2021-03-05 14:36:09,261 INFO     ___FILE_ONLY___ Installing components from version: 330.0.0

2021-03-05 14:36:09,262 INFO     ___FILE_ONLY___ 

2021-03-05 14:36:09,407 INFO     ___FILE_ONLY___ ┌─────────────────────────────────────────────────────────────────────────────┐
2021-03-05 14:36:09,407 INFO     ___FILE_ONLY___ 

2021-03-05 14:36:09,407 INFO     ___FILE_ONLY___ │                     These components will be installed.                     │
2021-03-05 14:36:09,407 INFO     ___FILE_ONLY___ 

2021-03-05 14:36:09,407 INFO     ___FILE_ONLY___ ├─────────────────────────────────────────────────────┬────────────┬──────────┤
2021-03-05 14:36:09,407 INFO     ___FILE_ONLY___ 

2021-03-05 14:36:09,407 INFO     ___FILE_ONLY___ │                         Name                        │  Version   │   Size   │
2021-03-05 14:36:09,407 INFO     ___FILE_ONLY___ 

2021-03-05 14:36:09,407 INFO     ___FILE_ONLY___ ├─────────────────────────────────────────────────────┼────────────┼──────────┤
2021-03-05 14:36:09,407 INFO     ___FILE_ONLY___ 

2021-03-05 14:36:09,407 INFO     ___FILE_ONLY___ │ 
2021-03-05 14:36:09,408 INFO     ___FILE_ONLY___ BigQuery Command Line Tool                         
2021-03-05 14:36:09,408 INFO     ___FILE_ONLY___  
2021-03-05 14:36:09,408 INFO     ___FILE_ONLY___ │ 
2021-03-05 14:36:09,408 INFO     ___FILE_ONLY___     2.0.65
2021-03-05 14:36:09,408 INFO     ___FILE_ONLY___  
2021-03-05 14:36:09,408 INFO     ___FILE_ONLY___ │ 
2021-03-05 14:36:09,408 INFO     ___FILE_ONLY___  < 1 MiB
2021-03-05 14:36:09,408 INFO     ___FILE_ONLY___  
2021-03-05 14:36:09,408 INFO     ___FILE_ONLY___ │
2021-03-05 14:36:09,408 INFO     ___FILE_ONLY___ 

2021-03-05 14:36:09,408 INFO     ___FILE_ONLY___ │ 
2021-03-05 14:36:09,408 INFO     ___FILE_ONLY___ BigQuery Command Line Tool (Platform Specific)     
2021-03-05 14:36:09,408 INFO     ___FILE_ONLY___  
2021-03-05 14:36:09,408 INFO     ___FILE_ONLY___ │ 
2021-03-05 14:36:09,409 INFO     ___FILE_ONLY___     2.0.64
2021-03-05 14:36:09,409 INFO     ___FILE_ONLY___  
2021-03-05 14:36:09,409 INFO     ___FILE_ONLY___ │ 
2021-03-05 14:36:09,409 INFO     ___FILE_ONLY___  < 1 MiB
2021-03-05 14:36:09,409 INFO     ___FILE_ONLY___  
2021-03-05 14:36:09,409 INFO     ___FILE_ONLY___ │
2021-03-05 14:36:09,409 INFO     ___FILE_ONLY___ 

2021-03-05 14:36:09,409 INFO     ___FILE_ONLY___ │ 
2021-03-05 14:36:09,409 INFO     ___FILE_ONLY___ Cloud SDK Core Libraries (Platform Specific)       
2021-03-05 14:36:09,409 INFO     ___FILE_ONLY___  
2021-03-05 14:36:09,409 INFO     ___FILE_ONLY___ │ 
2021-03-05 14:36:09,409 INFO     ___FILE_ONLY___ 2021.02.05
2021-03-05 14:36:09,409 INFO     ___FILE_ONLY___  
2021-03-05 14:36:09,409 INFO     ___FILE_ONLY___ │ 
2021-03-05 14:36:09,410 INFO     ___FILE_ONLY___  < 1 MiB
2021-03-05 14:36:09,410 INFO     ___FILE_ONLY___  
2021-03-05 14:36:09,410 INFO     ___FILE_ONLY___ │
2021-03-05 14:36:09,410 INFO     ___FILE_ONLY___ 

2021-03-05 14:36:09,410 INFO     ___FILE_ONLY___ │ 
2021-03-05 14:36:09,410 INFO     ___FILE_ONLY___ Cloud Storage Command Line Tool                    
2021-03-05 14:36:09,410 INFO     ___FILE_ONLY___  
2021-03-05 14:36:09,410 INFO     ___FILE_ONLY___ │ 
2021-03-05 14:36:09,410 INFO     ___FILE_ONLY___       4.59
2021-03-05 14:36:09,410 INFO     ___FILE_ONLY___  
2021-03-05 14:36:09,410 INFO     ___FILE_ONLY___ │ 
2021-03-05 14:36:09,410 INFO     ___FILE_ONLY___  3.9 MiB
2021-03-05 14:36:09,410 INFO     ___FILE_ONLY___  
2021-03-05 14:36:09,411 INFO     ___FILE_ONLY___ │
2021-03-05 14:36:09,411 INFO     ___FILE_ONLY___ 

2021-03-05 14:36:09,411 INFO     ___FILE_ONLY___ │ 
2021-03-05 14:36:09,411 INFO     ___FILE_ONLY___ Cloud Storage Command Line Tool (Platform Specific)
2021-03-05 14:36:09,411 INFO     ___FILE_ONLY___  
2021-03-05 14:36:09,411 INFO     ___FILE_ONLY___ │ 
2021-03-05 14:36:09,411 INFO     ___FILE_ONLY___       4.58
2021-03-05 14:36:09,411 INFO     ___FILE_ONLY___  
2021-03-05 14:36:09,411 INFO     ___FILE_ONLY___ │ 
2021-03-05 14:36:09,411 INFO     ___FILE_ONLY___  < 1 MiB
2021-03-05 14:36:09,411 INFO     ___FILE_ONLY___  
2021-03-05 14:36:09,411 INFO     ___FILE_ONLY___ │
2021-03-05 14:36:09,411 INFO     ___FILE_ONLY___ 

2021-03-05 14:36:09,411 INFO     ___FILE_ONLY___ │ 
2021-03-05 14:36:09,411 INFO     ___FILE_ONLY___ Kuberun                                            
2021-03-05 14:36:09,412 INFO     ___FILE_ONLY___  
2021-03-05 14:36:09,412 INFO     ___FILE_ONLY___ │ 
2021-03-05 14:36:09,412 INFO     ___FILE_ONLY___     0.0.11
2021-03-05 14:36:09,412 INFO     ___FILE_ONLY___  
2021-03-05 14:36:09,412 INFO     ___FILE_ONLY___ │ 
2021-03-05 14:36:09,412 INFO     ___FILE_ONLY___ 22.7 MiB
2021-03-05 14:36:09,412 INFO     ___FILE_ONLY___  
2021-03-05 14:36:09,412 INFO     ___FILE_ONLY___ │
2021-03-05 14:36:09,412 INFO     ___FILE_ONLY___ 

2021-03-05 14:36:09,412 INFO     ___FILE_ONLY___ │ 
2021-03-05 14:36:09,412 INFO     ___FILE_ONLY___ anthoscli                                          
2021-03-05 14:36:09,412 INFO     ___FILE_ONLY___  
2021-03-05 14:36:09,412 INFO     ___FILE_ONLY___ │ 
2021-03-05 14:36:09,413 INFO     ___FILE_ONLY___      0.2.7
2021-03-05 14:36:09,413 INFO     ___FILE_ONLY___  
2021-03-05 14:36:09,413 INFO     ___FILE_ONLY___ │ 
2021-03-05 14:36:09,413 INFO     ___FILE_ONLY___ 51.7 MiB
2021-03-05 14:36:09,413 INFO     ___FILE_ONLY___  
2021-03-05 14:36:09,413 INFO     ___FILE_ONLY___ │
2021-03-05 14:36:09,413 INFO     ___FILE_ONLY___ 

2021-03-05 14:36:09,413 INFO     ___FILE_ONLY___ │ 
2021-03-05 14:36:09,413 INFO     ___FILE_ONLY___ gcloud cli dependencies                            
2021-03-05 14:36:09,413 INFO     ___FILE_ONLY___  
2021-03-05 14:36:09,413 INFO     ___FILE_ONLY___ │ 
2021-03-05 14:36:09,413 INFO     ___FILE_ONLY___ 2020.06.12
2021-03-05 14:36:09,413 INFO     ___FILE_ONLY___  
2021-03-05 14:36:09,413 INFO     ___FILE_ONLY___ │ 
2021-03-05 14:36:09,414 INFO     ___FILE_ONLY___  < 1 MiB
2021-03-05 14:36:09,414 INFO     ___FILE_ONLY___  
2021-03-05 14:36:09,414 INFO     ___FILE_ONLY___ │
2021-03-05 14:36:09,414 INFO     ___FILE_ONLY___ 

2021-03-05 14:36:09,414 INFO     ___FILE_ONLY___ └─────────────────────────────────────────────────────┴────────────┴──────────┘
2021-03-05 14:36:09,414 INFO     ___FILE_ONLY___ 

2021-03-05 14:36:09,414 INFO     ___FILE_ONLY___ 

2021-03-05 14:36:09,518 INFO     ___FILE_ONLY___ For the latest full release notes, please visit:
  https://cloud.google.com/sdk/release_notes


2021-03-05 14:36:09,523 INFO     ___FILE_ONLY___ ╔════════════════════════════════════════════════════════════╗

2021-03-05 14:36:09,523 INFO     ___FILE_ONLY___ ╠═ Creating update staging area                             ═╣

2021-03-05 14:36:09,523 INFO     ___FILE_ONLY___ ╚
2021-03-05 14:36:09,524 INFO     ___FILE_ONLY___ ══════
2021-03-05 14:36:09,524 INFO     ___FILE_ONLY___ ══════
2021-03-05 14:36:09,524 INFO     ___FILE_ONLY___ ══════
2021-03-05 14:36:09,733 INFO     ___FILE_ONLY___ ═
2021-03-05 14:36:09,774 INFO     ___FILE_ONLY___ ═
2021-03-05 14:36:09,814 INFO     ___FILE_ONLY___ ═
2021-03-05 14:36:09,867 INFO     ___FILE_ONLY___ ═
2021-03-05 14:36:09,918 INFO     ___FILE_ONLY___ ═
2021-03-05 14:36:09,952 INFO     ___FILE_ONLY___ ═
2021-03-05 14:36:10,003 INFO     ___FILE_ONLY___ ═
2021-03-05 14:36:10,057 INFO     ___FILE_ONLY___ ═
2021-03-05 14:36:10,096 INFO     ___FILE_ONLY___ ═
2021-03-05 14:36:10,131 INFO     ___FILE_ONLY___ ═
2021-03-05 14:36:10,167 INFO     ___FILE_ONLY___ ═
2021-03-05 14:36:10,208 INFO     ___FILE_ONLY___ ═
2021-03-05 14:36:10,254 INFO     ___FILE_ONLY___ ═
2021-03-05 14:36:10,290 INFO     ___FILE_ONLY___ ═
2021-03-05 14:36:10,400 INFO     ___FILE_ONLY___ ═
2021-03-05 14:36:10,570 INFO     ___FILE_ONLY___ ═
2021-03-05 14:36:10,603 INFO     ___FILE_ONLY___ ═
2021-03-05 14:36:10,630 INFO     ___FILE_ONLY___ ═
2021-03-05 14:36:10,652 INFO     ___FILE_ONLY___ ═
2021-03-05 14:36:10,673 INFO     ___FILE_ONLY___ ═
2021-03-05 14:36:10,695 INFO     ___FILE_ONLY___ ═
2021-03-05 14:36:10,719 INFO     ___FILE_ONLY___ ═
2021-03-05 14:36:10,737 INFO     ___FILE_ONLY___ ═
2021-03-05 14:36:10,762 INFO     ___FILE_ONLY___ ═
2021-03-05 14:36:10,792 INFO     ___FILE_ONLY___ ═
2021-03-05 14:36:10,853 INFO     ___FILE_ONLY___ ═
2021-03-05 14:36:10,909 INFO     ___FILE_ONLY___ ═
2021-03-05 14:36:10,944 INFO     ___FILE_ONLY___ ═
2021-03-05 14:36:10,985 INFO     ___FILE_ONLY___ ═
2021-03-05 14:36:11,023 INFO     ___FILE_ONLY___ ═
2021-03-05 14:36:11,097 INFO     ___FILE_ONLY___ ═
2021-03-05 14:36:11,142 INFO     ___FILE_ONLY___ ═
2021-03-05 14:36:11,203 INFO     ___FILE_ONLY___ ═
2021-03-05 14:36:11,248 INFO     ___FILE_ONLY___ ═
2021-03-05 14:36:11,289 INFO     ___FILE_ONLY___ ═
2021-03-05 14:36:11,344 INFO     ___FILE_ONLY___ ═
2021-03-05 14:36:11,395 INFO     ___FILE_ONLY___ ═
2021-03-05 14:36:11,432 INFO     ___FILE_ONLY___ ═
2021-03-05 14:36:11,470 INFO     ___FILE_ONLY___ ═
2021-03-05 14:36:11,495 INFO     ___FILE_ONLY___ ═
2021-03-05 14:36:11,542 INFO     ___FILE_ONLY___ ═
2021-03-05 14:36:11,585 INFO     ___FILE_ONLY___ ═
2021-03-05 14:36:11,585 INFO     ___FILE_ONLY___ ╝

2021-03-05 14:36:11,670 INFO     ___FILE_ONLY___ ╔════════════════════════════════════════════════════════════╗

2021-03-05 14:36:11,670 INFO     ___FILE_ONLY___ ╠═ Installing: BigQuery Command Line Tool                   ═╣

2021-03-05 14:36:11,670 INFO     ___FILE_ONLY___ ╚
2021-03-05 14:36:11,764 INFO     ___FILE_ONLY___ ═
2021-03-05 14:36:11,765 INFO     ___FILE_ONLY___ ═
2021-03-05 14:36:11,766 INFO     ___FILE_ONLY___ ═
2021-03-05 14:36:11,766 INFO     ___FILE_ONLY___ ═
2021-03-05 14:36:11,767 INFO     ___FILE_ONLY___ ═
2021-03-05 14:36:11,767 INFO     ___FILE_ONLY___ ═
2021-03-05 14:36:11,768 INFO     ___FILE_ONLY___ ═
2021-03-05 14:36:11,768 INFO     ___FILE_ONLY___ ═
2021-03-05 14:36:11,769 INFO     ___FILE_ONLY___ ═
2021-03-05 14:36:11,769 INFO     ___FILE_ONLY___ ═
2021-03-05 14:36:11,770 INFO     ___FILE_ONLY___ ═
2021-03-05 14:36:11,770 INFO     ___FILE_ONLY___ ═
2021-03-05 14:36:11,771 INFO     ___FILE_ONLY___ ═
2021-03-05 14:36:11,771 INFO     ___FILE_ONLY___ ═
2021-03-05 14:36:11,772 INFO     ___FILE_ONLY___ ═
2021-03-05 14:36:11,772 INFO     ___FILE_ONLY___ ═
2021-03-05 14:36:11,772 INFO     ___FILE_ONLY___ ═
2021-03-05 14:36:11,773 INFO     ___FILE_ONLY___ ═
2021-03-05 14:36:11,773 INFO     ___FILE_ONLY___ ═
2021-03-05 14:36:11,774 INFO     ___FILE_ONLY___ ═
2021-03-05 14:36:11,774 INFO     ___FILE_ONLY___ ═
2021-03-05 14:36:11,774 INFO     ___FILE_ONLY___ ═
2021-03-05 14:36:11,775 INFO     ___FILE_ONLY___ ═
2021-03-05 14:36:11,775 INFO     ___FILE_ONLY___ ═
2021-03-05 14:36:11,776 INFO     ___FILE_ONLY___ ═
2021-03-05 14:36:11,776 INFO     ___FILE_ONLY___ ═
2021-03-05 14:36:11,776 INFO     ___FILE_ONLY___ ═
2021-03-05 14:36:11,777 INFO     ___FILE_ONLY___ ═
2021-03-05 14:36:11,777 INFO     ___FILE_ONLY___ ═
2021-03-05 14:36:11,779 INFO     ___FILE_ONLY___ ═
2021-03-05 14:36:11,832 INFO     ___FILE_ONLY___ ═
2021-03-05 14:36:11,840 INFO     ___FILE_ONLY___ ═
2021-03-05 14:36:11,842 INFO     ___FILE_ONLY___ ═
2021-03-05 14:36:11,845 INFO     ___FILE_ONLY___ ═
2021-03-05 14:36:11,848 INFO     ___FILE_ONLY___ ═
2021-03-05 14:36:11,851 INFO     ___FILE_ONLY___ ═
2021-03-05 14:36:11,853 INFO     ___FILE_ONLY___ ═
2021-03-05 14:36:11,855 INFO     ___FILE_ONLY___ ═
2021-03-05 14:36:11,857 INFO     ___FILE_ONLY___ ═
2021-03-05 14:36:11,860 INFO     ___FILE_ONLY___ ═
2021-03-05 14:36:11,866 INFO     ___FILE_ONLY___ ═
2021-03-05 14:36:11,868 INFO     ___FILE_ONLY___ ═
2021-03-05 14:36:11,871 INFO     ___FILE_ONLY___ ═
2021-03-05 14:36:11,873 INFO     ___FILE_ONLY___ ═
2021-03-05 14:36:11,875 INFO     ___FILE_ONLY___ ═
2021-03-05 14:36:11,877 INFO     ___FILE_ONLY___ ═
2021-03-05 14:36:11,879 INFO     ___FILE_ONLY___ ═
2021-03-05 14:36:11,881 INFO     ___FILE_ONLY___ ═
2021-03-05 14:36:11,884 INFO     ___FILE_ONLY___ ═
2021-03-05 14:36:11,886 INFO     ___FILE_ONLY___ ═
2021-03-05 14:36:11,889 INFO     ___FILE_ONLY___ ═
2021-03-05 14:36:11,891 INFO     ___FILE_ONLY___ ═
2021-03-05 14:36:11,893 INFO     ___FILE_ONLY___ ═
2021-03-05 14:36:11,895 INFO     ___FILE_ONLY___ ═
2021-03-05 14:36:11,898 INFO     ___FILE_ONLY___ ═
2021-03-05 14:36:11,900 INFO     ___FILE_ONLY___ ═
2021-03-05 14:36:11,902 INFO     ___FILE_ONLY___ ═
2021-03-05 14:36:11,904 INFO     ___FILE_ONLY___ ═
2021-03-05 14:36:11,907 INFO     ___FILE_ONLY___ ═
2021-03-05 14:36:11,909 INFO     ___FILE_ONLY___ ═
2021-03-05 14:36:11,909 INFO     ___FILE_ONLY___ ╝

2021-03-05 14:36:11,922 INFO     ___FILE_ONLY___ ╔════════════════════════════════════════════════════════════╗

2021-03-05 14:36:11,922 INFO     ___FILE_ONLY___ ╠═ Installing: BigQuery Command Line Tool (Platform Spec... ═╣

2021-03-05 14:36:11,922 INFO     ___FILE_ONLY___ ╚
2021-03-05 14:36:12,013 INFO     ___FILE_ONLY___ ══════════════════════════════
2021-03-05 14:36:12,014 INFO     ___FILE_ONLY___ ══════════════════════════════
2021-03-05 14:36:12,014 INFO     ___FILE_ONLY___ ╝

2021-03-05 14:36:12,022 INFO     ___FILE_ONLY___ ╔════════════════════════════════════════════════════════════╗

2021-03-05 14:36:12,023 INFO     ___FILE_ONLY___ ╠═ Installing: Cloud SDK Core Libraries (Platform Specific) ═╣

2021-03-05 14:36:12,023 INFO     ___FILE_ONLY___ ╚
2021-03-05 14:36:12,115 INFO     ___FILE_ONLY___ ══════════════════════════════
2021-03-05 14:36:12,117 INFO     ___FILE_ONLY___ ═══════════════
2021-03-05 14:36:12,117 INFO     ___FILE_ONLY___ ═══════════════
2021-03-05 14:36:12,117 INFO     ___FILE_ONLY___ ╝

2021-03-05 14:36:12,126 INFO     ___FILE_ONLY___ ╔════════════════════════════════════════════════════════════╗

2021-03-05 14:36:12,126 INFO     ___FILE_ONLY___ ╠═ Installing: Cloud Storage Command Line Tool              ═╣

2021-03-05 14:36:12,127 INFO     ___FILE_ONLY___ ╚
2021-03-05 14:36:12,220 INFO     ___FILE_ONLY___ ═
2021-03-05 14:36:12,226 INFO     ___FILE_ONLY___ ═
2021-03-05 14:36:12,227 INFO     ___FILE_ONLY___ ═
2021-03-05 14:36:12,229 INFO     ___FILE_ONLY___ ═
2021-03-05 14:36:12,231 INFO     ___FILE_ONLY___ ═
2021-03-05 14:36:12,232 INFO     ___FILE_ONLY___ ═
2021-03-05 14:36:12,234 INFO     ___FILE_ONLY___ ═
2021-03-05 14:36:12,235 INFO     ___FILE_ONLY___ ═
2021-03-05 14:36:12,237 INFO     ___FILE_ONLY___ ═
2021-03-05 14:36:12,238 INFO     ___FILE_ONLY___ ═
2021-03-05 14:36:12,240 INFO     ___FILE_ONLY___ ═
2021-03-05 14:36:12,241 INFO     ___FILE_ONLY___ ═
2021-03-05 14:36:12,243 INFO     ___FILE_ONLY___ ═
2021-03-05 14:36:12,244 INFO     ___FILE_ONLY___ ═
2021-03-05 14:36:12,245 INFO     ___FILE_ONLY___ ═
2021-03-05 14:36:12,246 INFO     ___FILE_ONLY___ ═
2021-03-05 14:36:12,247 INFO     ___FILE_ONLY___ ═
2021-03-05 14:36:12,247 INFO     ___FILE_ONLY___ ═
2021-03-05 14:36:12,248 INFO     ___FILE_ONLY___ ═
2021-03-05 14:36:12,248 INFO     ___FILE_ONLY___ ═
2021-03-05 14:36:12,249 INFO     ___FILE_ONLY___ ═
2021-03-05 14:36:12,249 INFO     ___FILE_ONLY___ ═
2021-03-05 14:36:12,250 INFO     ___FILE_ONLY___ ═
2021-03-05 14:36:12,251 INFO     ___FILE_ONLY___ ═
2021-03-05 14:36:12,251 INFO     ___FILE_ONLY___ ═
2021-03-05 14:36:12,252 INFO     ___FILE_ONLY___ ═
2021-03-05 14:36:12,252 INFO     ___FILE_ONLY___ ═
2021-03-05 14:36:12,253 INFO     ___FILE_ONLY___ ═
2021-03-05 14:36:12,253 INFO     ___FILE_ONLY___ ═
2021-03-05 14:36:12,255 INFO     ___FILE_ONLY___ ═
2021-03-05 14:36:12,515 INFO     ___FILE_ONLY___ ═
2021-03-05 14:36:12,528 INFO     ___FILE_ONLY___ ═
2021-03-05 14:36:12,546 INFO     ___FILE_ONLY___ ═
2021-03-05 14:36:12,560 INFO     ___FILE_ONLY___ ═
2021-03-05 14:36:12,571 INFO     ___FILE_ONLY___ ═
2021-03-05 14:36:12,584 INFO     ___FILE_ONLY___ ═
2021-03-05 14:36:12,597 INFO     ___FILE_ONLY___ ═
2021-03-05 14:36:12,618 INFO     ___FILE_ONLY___ ═
2021-03-05 14:36:12,634 INFO     ___FILE_ONLY___ ═
2021-03-05 14:36:12,648 INFO     ___FILE_ONLY___ ═
2021-03-05 14:36:12,661 INFO     ___FILE_ONLY___ ═
2021-03-05 14:36:12,676 INFO     ___FILE_ONLY___ ═
2021-03-05 14:36:12,699 INFO     ___FILE_ONLY___ ═
2021-03-05 14:36:12,718 INFO     ___FILE_ONLY___ ═
2021-03-05 14:36:12,733 INFO     ___FILE_ONLY___ ═
2021-03-05 14:36:12,744 INFO     ___FILE_ONLY___ ═
2021-03-05 14:36:12,763 INFO     ___FILE_ONLY___ ═
2021-03-05 14:36:12,778 INFO     ___FILE_ONLY___ ═
2021-03-05 14:36:12,797 INFO     ___FILE_ONLY___ ═
2021-03-05 14:36:12,813 INFO     ___FILE_ONLY___ ═
2021-03-05 14:36:12,831 INFO     ___FILE_ONLY___ ═
2021-03-05 14:36:12,848 INFO     ___FILE_ONLY___ ═
2021-03-05 14:36:12,862 INFO     ___FILE_ONLY___ ═
2021-03-05 14:36:12,873 INFO     ___FILE_ONLY___ ═
2021-03-05 14:36:12,885 INFO     ___FILE_ONLY___ ═
2021-03-05 14:36:12,897 INFO     ___FILE_ONLY___ ═
2021-03-05 14:36:12,911 INFO     ___FILE_ONLY___ ═
2021-03-05 14:36:12,925 INFO     ___FILE_ONLY___ ═
2021-03-05 14:36:12,947 INFO     ___FILE_ONLY___ ═
2021-03-05 14:36:12,966 INFO     ___FILE_ONLY___ ═
2021-03-05 14:36:12,966 INFO     ___FILE_ONLY___ ╝

2021-03-05 14:36:13,014 INFO     ___FILE_ONLY___ ╔════════════════════════════════════════════════════════════╗

2021-03-05 14:36:13,014 INFO     ___FILE_ONLY___ ╠═ Installing: Cloud Storage Command Line Tool (Platform... ═╣

2021-03-05 14:36:13,014 INFO     ___FILE_ONLY___ ╚
2021-03-05 14:36:13,047 INFO     ___FILE_ONLY___ ══════════════════════════════
2021-03-05 14:36:13,048 INFO     ___FILE_ONLY___ ══════════════════════════════
2021-03-05 14:36:13,048 INFO     ___FILE_ONLY___ ╝

2021-03-05 14:36:13,057 INFO     ___FILE_ONLY___ ╔════════════════════════════════════════════════════════════╗

2021-03-05 14:36:13,057 INFO     ___FILE_ONLY___ ╠═ Installing: Default set of gcloud commands               ═╣

2021-03-05 14:36:13,057 INFO     ___FILE_ONLY___ ╚
2021-03-05 14:36:13,062 INFO     ___FILE_ONLY___ ════════════════════════════════════════════════════════════
2021-03-05 14:36:13,062 INFO     ___FILE_ONLY___ ╝

2021-03-05 14:36:13,066 INFO     ___FILE_ONLY___ ╔════════════════════════════════════════════════════════════╗

2021-03-05 14:36:13,066 INFO     ___FILE_ONLY___ ╠═ Installing: Kuberun                                      ═╣

2021-03-05 14:36:13,066 INFO     ___FILE_ONLY___ ╚
2021-03-05 14:36:13,071 INFO     ___FILE_ONLY___ ════════════════════════════════════════════════════════════
2021-03-05 14:36:13,071 INFO     ___FILE_ONLY___ ╝

2021-03-05 14:36:13,074 INFO     ___FILE_ONLY___ ╔════════════════════════════════════════════════════════════╗

2021-03-05 14:36:13,075 INFO     ___FILE_ONLY___ ╠═ Installing: Kuberun                                      ═╣

2021-03-05 14:36:13,075 INFO     ___FILE_ONLY___ ╚
2021-03-05 14:36:13,177 INFO     ___FILE_ONLY___ ═
2021-03-05 14:36:13,186 INFO     ___FILE_ONLY___ ═
2021-03-05 14:36:13,193 INFO     ___FILE_ONLY___ ═
2021-03-05 14:36:13,197 INFO     ___FILE_ONLY___ ═
2021-03-05 14:36:13,201 INFO     ___FILE_ONLY___ ═
2021-03-05 14:36:13,205 INFO     ___FILE_ONLY___ ═
2021-03-05 14:36:13,209 INFO     ___FILE_ONLY___ ═
2021-03-05 14:36:13,213 INFO     ___FILE_ONLY___ ═
2021-03-05 14:36:13,216 INFO     ___FILE_ONLY___ ═
2021-03-05 14:36:13,220 INFO     ___FILE_ONLY___ ═
2021-03-05 14:36:13,223 INFO     ___FILE_ONLY___ ═
2021-03-05 14:36:13,227 INFO     ___FILE_ONLY___ ═
2021-03-05 14:36:13,231 INFO     ___FILE_ONLY___ ═
2021-03-05 14:36:13,235 INFO     ___FILE_ONLY___ ═
2021-03-05 14:36:13,238 INFO     ___FILE_ONLY___ ═
2021-03-05 14:36:13,242 INFO     ___FILE_ONLY___ ═
2021-03-05 14:36:13,246 INFO     ___FILE_ONLY___ ═
2021-03-05 14:36:13,249 INFO     ___FILE_ONLY___ ═
2021-03-05 14:36:13,253 INFO     ___FILE_ONLY___ ═
2021-03-05 14:36:13,257 INFO     ___FILE_ONLY___ ═
2021-03-05 14:36:13,260 INFO     ___FILE_ONLY___ ═
2021-03-05 14:36:13,264 INFO     ___FILE_ONLY___ ═
2021-03-05 14:36:13,268 INFO     ___FILE_ONLY___ ═
2021-03-05 14:36:13,271 INFO     ___FILE_ONLY___ ═
2021-03-05 14:36:13,275 INFO     ___FILE_ONLY___ ═
2021-03-05 14:36:13,279 INFO     ___FILE_ONLY___ ═
2021-03-05 14:36:13,283 INFO     ___FILE_ONLY___ ═
2021-03-05 14:36:13,286 INFO     ___FILE_ONLY___ ═
2021-03-05 14:36:13,290 INFO     ___FILE_ONLY___ ═
2021-03-05 14:36:13,294 INFO     ___FILE_ONLY___ ═
2021-03-05 14:36:14,176 INFO     ___FILE_ONLY___ ═
2021-03-05 14:36:14,176 INFO     ___FILE_ONLY___ ═
2021-03-05 14:36:14,177 INFO     ___FILE_ONLY___ ═
2021-03-05 14:36:14,177 INFO     ___FILE_ONLY___ ═
2021-03-05 14:36:14,177 INFO     ___FILE_ONLY___ ═
2021-03-05 14:36:14,178 INFO     ___FILE_ONLY___ ═
2021-03-05 14:36:14,178 INFO     ___FILE_ONLY___ ══
2021-03-05 14:36:14,178 INFO     ___FILE_ONLY___ ═
2021-03-05 14:36:14,179 INFO     ___FILE_ONLY___ ═
2021-03-05 14:36:14,179 INFO     ___FILE_ONLY___ ═
2021-03-05 14:36:14,179 INFO     ___FILE_ONLY___ ═
2021-03-05 14:36:14,180 INFO     ___FILE_ONLY___ ═
2021-03-05 14:36:14,180 INFO     ___FILE_ONLY___ ══
2021-03-05 14:36:14,180 INFO     ___FILE_ONLY___ ═
2021-03-05 14:36:14,180 INFO     ___FILE_ONLY___ ═
2021-03-05 14:36:14,181 INFO     ___FILE_ONLY___ ═
2021-03-05 14:36:14,181 INFO     ___FILE_ONLY___ ═
2021-03-05 14:36:14,181 INFO     ___FILE_ONLY___ ═
2021-03-05 14:36:14,182 INFO     ___FILE_ONLY___ ═
2021-03-05 14:36:14,182 INFO     ___FILE_ONLY___ ══
2021-03-05 14:36:14,182 INFO     ___FILE_ONLY___ ═
2021-03-05 14:36:14,183 INFO     ___FILE_ONLY___ ═
2021-03-05 14:36:14,183 INFO     ___FILE_ONLY___ ═
2021-03-05 14:36:14,183 INFO     ___FILE_ONLY___ ═
2021-03-05 14:36:14,184 INFO     ___FILE_ONLY___ ═
2021-03-05 14:36:14,185 INFO     ___FILE_ONLY___ ══
2021-03-05 14:36:14,185 INFO     ___FILE_ONLY___ ╝

2021-03-05 14:36:14,198 INFO     ___FILE_ONLY___ ╔════════════════════════════════════════════════════════════╗

2021-03-05 14:36:14,198 INFO     ___FILE_ONLY___ ╠═ Installing: anthoscli                                    ═╣

2021-03-05 14:36:14,198 INFO     ___FILE_ONLY___ ╚
2021-03-05 14:36:14,311 INFO     ___FILE_ONLY___ ═
2021-03-05 14:36:14,321 INFO     ___FILE_ONLY___ ═
2021-03-05 14:36:14,329 INFO     ___FILE_ONLY___ ═
2021-03-05 14:36:14,337 INFO     ___FILE_ONLY___ ═
2021-03-05 14:36:14,345 INFO     ___FILE_ONLY___ ═
2021-03-05 14:36:14,353 INFO     ___FILE_ONLY___ ═
2021-03-05 14:36:14,362 INFO     ___FILE_ONLY___ ═
2021-03-05 14:36:14,369 INFO     ___FILE_ONLY___ ═
2021-03-05 14:36:14,378 INFO     ___FILE_ONLY___ ═
2021-03-05 14:36:14,386 INFO     ___FILE_ONLY___ ═
2021-03-05 14:36:14,394 INFO     ___FILE_ONLY___ ═
2021-03-05 14:36:14,402 INFO     ___FILE_ONLY___ ═
2021-03-05 14:36:14,410 INFO     ___FILE_ONLY___ ═
2021-03-05 14:36:14,418 INFO     ___FILE_ONLY___ ═
2021-03-05 14:36:14,426 INFO     ___FILE_ONLY___ ═
2021-03-05 14:36:14,434 INFO     ___FILE_ONLY___ ═
2021-03-05 14:36:14,442 INFO     ___FILE_ONLY___ ═
2021-03-05 14:36:14,451 INFO     ___FILE_ONLY___ ═
2021-03-05 14:36:14,459 INFO     ___FILE_ONLY___ ═
2021-03-05 14:36:14,467 INFO     ___FILE_ONLY___ ═
2021-03-05 14:36:14,476 INFO     ___FILE_ONLY___ ═
2021-03-05 14:36:14,484 INFO     ___FILE_ONLY___ ═
2021-03-05 14:36:14,492 INFO     ___FILE_ONLY___ ═
2021-03-05 14:36:14,500 INFO     ___FILE_ONLY___ ═
2021-03-05 14:36:14,508 INFO     ___FILE_ONLY___ ═
2021-03-05 14:36:14,516 INFO     ___FILE_ONLY___ ═
2021-03-05 14:36:14,524 INFO     ___FILE_ONLY___ ═
2021-03-05 14:36:14,532 INFO     ___FILE_ONLY___ ═
2021-03-05 14:36:14,540 INFO     ___FILE_ONLY___ ═
2021-03-05 14:36:14,548 INFO     ___FILE_ONLY___ ═
2021-03-05 14:36:16,493 INFO     ___FILE_ONLY___ ══════════
2021-03-05 14:36:16,498 INFO     ___FILE_ONLY___ ═════════
2021-03-05 14:36:16,520 INFO     ___FILE_ONLY___ ═══════════
2021-03-05 14:36:16,521 INFO     ___FILE_ONLY___ ╝

2021-03-05 14:36:16,542 INFO     ___FILE_ONLY___ ╔════════════════════════════════════════════════════════════╗

2021-03-05 14:36:16,542 INFO     ___FILE_ONLY___ ╠═ Installing: anthoscli                                    ═╣

2021-03-05 14:36:16,542 INFO     ___FILE_ONLY___ ╚
2021-03-05 14:36:16,547 INFO     ___FILE_ONLY___ ════════════════════════════════════════════════════════════
2021-03-05 14:36:16,547 INFO     ___FILE_ONLY___ ╝

2021-03-05 14:36:16,551 INFO     ___FILE_ONLY___ ╔════════════════════════════════════════════════════════════╗

2021-03-05 14:36:16,551 INFO     ___FILE_ONLY___ ╠═ Installing: gcloud cli dependencies                      ═╣

2021-03-05 14:36:16,551 INFO     ___FILE_ONLY___ ╚
2021-03-05 14:36:16,653 INFO     ___FILE_ONLY___ ══════════════════════════════
2021-03-05 14:36:16,655 INFO     ___FILE_ONLY___ ══════
2021-03-05 14:36:16,655 INFO     ___FILE_ONLY___ ══════
2021-03-05 14:36:16,655 INFO     ___FILE_ONLY___ ══════
2021-03-05 14:36:16,656 INFO     ___FILE_ONLY___ ══════
2021-03-05 14:36:16,656 INFO     ___FILE_ONLY___ ══════
2021-03-05 14:36:16,656 INFO     ___FILE_ONLY___ ╝

2021-03-05 14:36:16,664 INFO     ___FILE_ONLY___ ╔════════════════════════════════════════════════════════════╗

2021-03-05 14:36:16,665 INFO     ___FILE_ONLY___ ╠═ Creating backup and activating new installation          ═╣

2021-03-05 14:36:16,665 INFO     ___FILE_ONLY___ ╚
2021-03-05 14:36:16,665 DEBUG    root            Attempting to move directory [/tools/google-cloud-sdk] to [/tools/google-cloud-sdk.staging/.install/.backup]
2021-03-05 14:36:16,665 INFO     ___FILE_ONLY___ ══════════════════════════════
2021-03-05 14:36:16,665 DEBUG    root            Attempting to move directory [/tools/google-cloud-sdk.staging] to [/tools/google-cloud-sdk]
2021-03-05 14:36:16,665 INFO     ___FILE_ONLY___ ══════════════════════════════
2021-03-05 14:36:16,665 INFO     ___FILE_ONLY___ ╝

2021-03-05 14:36:16,669 DEBUG    root            Updating notification cache...
2021-03-05 14:36:16,670 INFO     ___FILE_ONLY___ 

2021-03-05 14:36:16,674 INFO     ___FILE_ONLY___ Performing post processing steps...
2021-03-05 14:36:16,674 DEBUG    root            Executing command: ['python3', '-S', '/tools/google-cloud-sdk/lib/gcloud.py', 'components', 'post-process']
2021-03-05 14:36:30,777 DEBUG    ___FILE_ONLY___ 
2021-03-05 14:36:30,777 DEBUG    ___FILE_ONLY___ 
2021-03-05 14:36:30,948 INFO     ___FILE_ONLY___ 
Update done!


2021-03-05 14:36:30,952 INFO     root            Display format: "none"
